0 info it worked if it ends with ok
1 verbose cli [ 'C:\\Program Files\\nodejs\\node.exe',
1 verbose cli   'C:\\Program Files\\nodejs\\node_modules\\npm\\bin\\npm-cli.js',
1 verbose cli   'install',
1 verbose cli   'geoip',
1 verbose cli   '-save' ]
2 info using npm@3.10.10
3 info using node@v6.10.1
4 silly loadCurrentTree Starting
5 silly install loadCurrentTree
6 silly install readLocalPackageData
7 silly fetchPackageMetaData geoip
8 silly fetchNamedPackageData geoip
9 silly mapToRegistry name geoip
10 silly mapToRegistry using default registry
11 silly mapToRegistry registry https://registry.npmjs.org/
12 silly mapToRegistry data Result {
12 silly mapToRegistry   raw: 'geoip',
12 silly mapToRegistry   scope: null,
12 silly mapToRegistry   escapedName: 'geoip',
12 silly mapToRegistry   name: 'geoip',
12 silly mapToRegistry   rawSpec: '',
12 silly mapToRegistry   spec: 'latest',
12 silly mapToRegistry   type: 'tag' }
13 silly mapToRegistry uri https://registry.npmjs.org/geoip
14 verbose request uri https://registry.npmjs.org/geoip
15 verbose request no auth needed
16 info attempt registry request try #1 at 2:46:00 PM
17 verbose request id 58c8a3050e31095f
18 http request GET https://registry.npmjs.org/geoip
19 http 200 https://registry.npmjs.org/geoip
20 verbose headers { server: 'nginx/1.10.1',
20 verbose headers   'content-type': 'application/json',
20 verbose headers   'last-modified': 'Sat, 29 Aug 2015 10:12:01 GMT',
20 verbose headers   etag: 'W/"55e18571-133ce"',
20 verbose headers   'content-encoding': 'gzip',
20 verbose headers   'cache-control': 'max-age=300',
20 verbose headers   'content-length': '6814',
20 verbose headers   'accept-ranges': 'bytes',
20 verbose headers   date: 'Mon, 10 Apr 2017 09:16:01 GMT',
20 verbose headers   via: '1.1 varnish',
20 verbose headers   age: '0',
20 verbose headers   connection: 'keep-alive',
20 verbose headers   'x-served-by': 'cache-ams4435-AMS',
20 verbose headers   'x-cache': 'MISS',
20 verbose headers   'x-cache-hits': '0',
20 verbose headers   'x-timer': 'S1491815762.836904,VS0,VE50',
20 verbose headers   vary: 'Accept-Encoding' }
21 silly get cb [ 200,
21 silly get   { server: 'nginx/1.10.1',
21 silly get     'content-type': 'application/json',
21 silly get     'last-modified': 'Sat, 29 Aug 2015 10:12:01 GMT',
21 silly get     etag: 'W/"55e18571-133ce"',
21 silly get     'content-encoding': 'gzip',
21 silly get     'cache-control': 'max-age=300',
21 silly get     'content-length': '6814',
21 silly get     'accept-ranges': 'bytes',
21 silly get     date: 'Mon, 10 Apr 2017 09:16:01 GMT',
21 silly get     via: '1.1 varnish',
21 silly get     age: '0',
21 silly get     connection: 'keep-alive',
21 silly get     'x-served-by': 'cache-ams4435-AMS',
21 silly get     'x-cache': 'MISS',
21 silly get     'x-cache-hits': '0',
21 silly get     'x-timer': 'S1491815762.836904,VS0,VE50',
21 silly get     vary: 'Accept-Encoding' } ]
22 verbose get saving geoip to C:\Users\Raj Kamdar\AppData\Roaming\npm-cache\registry.npmjs.org\geoip\.cache.json
23 verbose correctMkdir C:\Users\Raj Kamdar\AppData\Roaming\npm-cache correctMkdir not in flight; initializing
24 silly install normalizeTree
25 silly loadCurrentTree Finishing
26 silly loadIdealTree Starting
27 silly install loadIdealTree
28 silly cloneCurrentTree Starting
29 silly install cloneCurrentTreeToIdealTree
30 silly cloneCurrentTree Finishing
31 silly loadShrinkwrap Starting
32 silly install loadShrinkwrap
33 silly loadShrinkwrap Finishing
34 silly loadAllDepsIntoIdealTree Starting
35 silly install loadAllDepsIntoIdealTree
36 silly rollbackFailedOptional Starting
37 silly rollbackFailedOptional Finishing
38 silly runTopLevelLifecycles Finishing
39 silly install printInstalled
40 verbose stack Error: Unsupported platform for geoip@0.6.1: wanted {"name":"geoip","description":"GeoIP binding for node","version":"0.6.1","homepage":"http://github.com/kuno/GeoIP","author":{"name":"Guan 'kuno' Qing","email":"neokuno at Gmail dot com"},"contributors":[{"name":"Vladimir Dronnikov","email":"dronnikov@gmail.com"},{"name":"Konstantin Käfer","email":"github@kkaefer.com"},{"name":"Joe Vennix","email":"joevennix@gmail.com"},{"name":"artems","email":"tema.semenov@gmail.com"},{"name":"Sven Steinheißer","email":"sven.steinheisser@googlemail.com"},{"name":"James Taylor","email":"jt@gosquared.com"},{"name":"Robert Schultz","email":"robert@cosmicrealms.com"},{"name":"Tim Oxley","email":"secoif@gmail.com"},{"name":"sajal","email":"sajal@turbobytes.com"},{"name":"Chris O'Hara","email":"cohara87@gmail.com"},{"name":"James Taylor","email":"jt@gosquared.com"},{"name":"Christopher Holt","email":"cwholt@gmail.com"},{"name":"Nicolas Fouché","email":"nicolas.fouche@gmail.com"},{"name":"Benjamin Byholm","email":"bbyholm@abo.fi"},{"name":"Bernhard Valenti","email":"bernhard@kargo.com"},{"name":"Pawel Maciejewski","email":"fragphace@gmail.com"},{"name":"Ilya Furman","email":"smashlong@gmail.com"},{"name":"William Cummings","email":"will@wpc.io"},{"name":"Nicolas Fouché","email":"nicolas.fouche@gmail.com"},{"name":"Rémy Coutable","email":"remy@rymai.me"},{"name":"Ilkka Myller","email":"ilkka@myller.com"},{"name":"Dan Kang","email":"dann.kang@gmail.com"}],"dependencies":{"bindings":"~1.2.1","debug":"~2.2.0","is-object":"~1.0.1","nan":"~2.0.5","pangyp":"~2.3.0"},"devDependencies":{"chai":"~3.2.0","mocha":"~2.2.5","random-ip":"0.0.1","semver":"~5.0.1"},"repository":{"type":"git","url":"git://github.com/kuno/GeoIP.git"},"keywords":["geoip","geolocation"],"bugs":{"url":"http://github.com/kuno/GeoIP/issues"},"license":"LGPL-2.1","main":"index.js","directory":{"src":"./src","lib":"./lib","test":"./test","misc":"./misc","sample":"./sample","benchmark":"./benchmark"},"os":["linux","darwin"],"engines":{"node":">=0.10.0","npm":">=1"},"scripts":{"build":"make rebuild","test":"make test","install":"node-gyp rebuild"},"gypfile":true,"gitHead":"a176fb606aab27306ea5269861dcdbcb5867220f","_id":"geoip@0.6.1","_shasum":"d984ae164726f94412346deaac5859109f37a022","_from":"geoip","_npmVersion":"2.11.3","_nodeVersion":"0.12.7","_npmUser":{"name":"kuno","email":"neokuno@gmail.com"},"maintainers":[{"name":"kuno","email":"neokuno@gmail.com"}],"dist":{"shasum":"d984ae164726f94412346deaac5859109f37a022","tarball":"https://registry.npmjs.org/geoip/-/geoip-0.6.1.tgz"},"directories":{},"_resolved":"https://registry.npmjs.org/geoip/-/geoip-0.6.1.tgz","_requested":{"raw":"geoip","scope":null,"escapedName":"geoip","name":"geoip","rawSpec":"","spec":"latest","type":"tag"},"_spec":"geoip","_where":"D:\\Study\\Self\\Node\\Nearnode","_args":[[{"raw":"geoip","scope":null,"escapedName":"geoip","name":"geoip","rawSpec":"","spec":"latest","type":"tag"},"D:\\Study\\Self\\Node\\Nearnode"]],"readme":"ERROR: No README data found!"} (current: {"os":"win32","cpu":"ia32"})
40 verbose stack     at checkPlatform (C:\Program Files\nodejs\node_modules\npm\node_modules\npm-install-checks\index.js:45:14)
40 verbose stack     at thenWarnEngineIssues (C:\Program Files\nodejs\node_modules\npm\lib\install\validate-args.js:41:5)
40 verbose stack     at C:\Program Files\nodejs\node_modules\npm\node_modules\iferr\index.js:13:50
40 verbose stack     at checkEngine (C:\Program Files\nodejs\node_modules\npm\node_modules\npm-install-checks\index.js:24:10)
40 verbose stack     at module.exports.isInstallable (C:\Program Files\nodejs\node_modules\npm\lib\install\validate-args.js:38:3)
40 verbose stack     at Array.<anonymous> (C:\Program Files\nodejs\node_modules\npm\node_modules\slide\lib\bind-actor.js:15:8)
40 verbose stack     at LOOP (C:\Program Files\nodejs\node_modules\npm\node_modules\slide\lib\chain.js:15:14)
40 verbose stack     at C:\Program Files\nodejs\node_modules\npm\node_modules\slide\lib\chain.js:18:7
40 verbose stack     at checkSelf (C:\Program Files\nodejs\node_modules\npm\lib\install\validate-args.js:46:72)
40 verbose stack     at Array.<anonymous> (C:\Program Files\nodejs\node_modules\npm\node_modules\slide\lib\bind-actor.js:15:8)
41 verbose pkgid geoip@0.6.1
42 verbose cwd D:\Study\Self\Node\Nearnode
43 error Windows_NT 6.1.7601
44 error argv "C:\\Program Files\\nodejs\\node.exe" "C:\\Program Files\\nodejs\\node_modules\\npm\\bin\\npm-cli.js" "install" "geoip" "-save"
45 error node v6.10.1
46 error npm  v3.10.10
47 error code EBADPLATFORM
48 error notsup Unsupported platform for geoip@0.6.1: wanted {"os":"linux,darwin","arch":"any"} (current: {"os":"win32","arch":"ia32"})
49 error notsup Valid OS:    linux,darwin
49 error notsup Valid Arch:  any
49 error notsup Actual OS:   win32
49 error notsup Actual Arch: ia32
50 verbose exit [ 1, true ]
